2023-03-20 22:27:16,890 ERROR   : No configuration item for mac_addr. This configuration item is required.
2023-03-20 22:28:23,440 INFO    : Starting Prometheus Server
2023-03-20 22:28:23,517 INFO    : Adapter status - Powered: True
2023-03-20 22:28:23,520 INFO    : Starting discovery...
2023-03-20 22:28:26,138 INFO    : Devices found: 20
2023-03-20 22:28:26,157 INFO    : Found bt1 device BT-TH-B00E5529  [80:6F:B0:0E:55:29]
2023-03-20 22:28:26,797 INFO    : [80:6f:b0:0e:55:29] Discovered, alias = BT-TH-B00E5529    
2023-03-20 22:28:26,802 INFO    : [80:6f:b0:0e:55:29] Discovered, alias = BT-TH-B00E5529    
2023-03-20 22:28:26,804 INFO    : [80:6F:B0:0E:55:29] Connected
2023-03-20 22:28:26,854 INFO    : [80:6f:b0:0e:55:29] Discovered, alias = BT-TH-B00E5529    
2023-03-20 22:28:26,856 INFO    : [80:6F:B0:0E:55:29] Disconnected
2023-03-20 22:28:26,858 INFO    : Reconnecting in 10 seconds
2023-03-20 22:28:37,772 INFO    : [80:6f:b0:0e:55:29] Discovered, alias = BT-TH-B00E5529    
2023-03-20 22:28:39,199 INFO    : [80:6F:B0:0E:55:29] Connected
2023-03-20 22:28:39,204 INFO    : [80:6f:b0:0e:55:29] Discovered, alias = BT-TH-B00E5529    
2023-03-20 22:28:39,206 INFO    : [80:6F:B0:0E:55:29] Disconnected
2023-03-20 22:28:39,207 INFO    : Reconnecting in 10 seconds
2023-03-20 22:28:50,496 INFO    : [80:6f:b0:0e:55:29] Discovered, alias = BT-TH-B00E5529    
2023-03-20 22:28:50,500 INFO    : [80:6F:B0:0E:55:29] Connected
2023-03-20 22:28:50,505 INFO    : [80:6f:b0:0e:55:29] Discovered, alias = BT-TH-B00E5529    
2023-03-20 22:28:50,509 INFO    : [80:6F:B0:0E:55:29] Disconnected
2023-03-20 22:28:50,511 INFO    : Reconnecting in 10 seconds
2023-03-20 22:29:02,128 INFO    : [80:6f:b0:0e:55:29] Discovered, alias = BT-TH-B00E5529    
2023-03-20 22:29:02,130 INFO    : [80:6F:B0:0E:55:29] Connected
2023-03-20 22:29:02,135 INFO    : [80:6f:b0:0e:55:29] Discovered, alias = BT-TH-B00E5529    
2023-03-20 22:29:02,137 INFO    : [80:6F:B0:0E:55:29] Disconnected
2023-03-20 22:29:02,138 INFO    : Reconnecting in 10 seconds
2023-03-20 22:29:14,375 INFO    : [80:6f:b0:0e:55:29] Discovered, alias = BT-TH-B00E5529    
2023-03-20 22:29:14,377 INFO    : [80:6F:B0:0E:55:29] Connected
2023-03-20 22:29:14,381 INFO    : [80:6f:b0:0e:55:29] Discovered, alias = BT-TH-B00E5529    
2023-03-20 22:29:14,385 INFO    : [80:6F:B0:0E:55:29] Disconnected
2023-03-20 22:29:14,386 INFO    : Reconnecting in 10 seconds
2023-03-20 22:29:26,910 INFO    : [80:6f:b0:0e:55:29] Discovered, alias = BT-TH-B00E5529    
2023-03-20 22:29:26,911 INFO    : [80:6F:B0:0E:55:29] Connected
2023-03-20 22:29:26,916 INFO    : [80:6f:b0:0e:55:29] Discovered, alias = BT-TH-B00E5529    
2023-03-20 22:29:26,918 INFO    : [80:6F:B0:0E:55:29] Disconnected
2023-03-20 22:29:26,919 INFO    : Reconnecting in 10 seconds
2023-03-20 22:29:39,205 INFO    : [80:6f:b0:0e:55:29] Discovered, alias = BT-TH-B00E5529    
2023-03-20 22:29:39,209 INFO    : [80:6F:B0:0E:55:29] Connected
2023-03-20 22:29:39,214 INFO    : [80:6f:b0:0e:55:29] Discovered, alias = BT-TH-B00E5529    
2023-03-20 22:29:39,219 INFO    : [80:6F:B0:0E:55:29] Disconnected
2023-03-20 22:29:39,221 INFO    : Reconnecting in 10 seconds
2023-03-20 22:29:51,448 INFO    : [80:6f:b0:0e:55:29] Discovered, alias = BT-TH-B00E5529    
2023-03-20 22:29:51,450 INFO    : [80:6F:B0:0E:55:29] Connected
2023-03-20 22:29:51,454 INFO    : [80:6f:b0:0e:55:29] Discovered, alias = BT-TH-B00E5529    
2023-03-20 22:29:51,456 INFO    : [80:6F:B0:0E:55:29] Disconnected
2023-03-20 22:29:51,457 INFO    : Reconnecting in 10 seconds
2023-03-20 22:30:03,035 INFO    : [80:6f:b0:0e:55:29] Discovered, alias = BT-TH-B00E5529    
2023-03-20 22:30:03,037 INFO    : [80:6F:B0:0E:55:29] Connected
2023-03-20 22:30:03,042 INFO    : [80:6f:b0:0e:55:29] Discovered, alias = BT-TH-B00E5529    
2023-03-20 22:30:03,045 INFO    : [80:6F:B0:0E:55:29] Disconnected
2023-03-20 22:30:03,046 INFO    : Reconnecting in 10 seconds
2023-03-20 22:30:15,500 INFO    : [80:6f:b0:0e:55:29] Discovered, alias = BT-TH-B00E5529    
2023-03-20 22:30:15,502 INFO    : [80:6F:B0:0E:55:29] Connected
2023-03-20 22:30:15,507 INFO    : [80:6f:b0:0e:55:29] Discovered, alias = BT-TH-B00E5529    
2023-03-20 22:30:15,509 INFO    : [80:6F:B0:0E:55:29] Disconnected
2023-03-20 22:30:15,510 INFO    : Reconnecting in 10 seconds
2023-03-20 22:30:27,147 INFO    : [80:6f:b0:0e:55:29] Discovered, alias = BT-TH-B00E5529    
2023-03-20 22:30:27,148 INFO    : [80:6F:B0:0E:55:29] Connected
2023-03-20 22:30:27,153 INFO    : [80:6f:b0:0e:55:29] Discovered, alias = BT-TH-B00E5529    
2023-03-20 22:30:27,155 INFO    : [80:6F:B0:0E:55:29] Disconnected
2023-03-20 22:30:27,156 INFO    : Reconnecting in 10 seconds
2023-03-20 22:30:39,319 INFO    : [80:6f:b0:0e:55:29] Discovered, alias = BT-TH-B00E5529    
2023-03-20 22:30:39,795 INFO    : [80:6F:B0:0E:55:29] Connected
2023-03-20 22:30:39,801 INFO    : [80:6f:b0:0e:55:29] Discovered, alias = BT-TH-B00E5529    
2023-03-20 22:30:39,803 INFO    : [80:6F:B0:0E:55:29] Disconnected
2023-03-20 22:30:39,805 INFO    : Reconnecting in 10 seconds
2023-03-20 22:30:51,127 INFO    : [80:6f:b0:0e:55:29] Discovered, alias = BT-TH-B00E5529    
2023-03-20 22:30:51,128 INFO    : [80:6F:B0:0E:55:29] Connected
2023-03-20 22:30:51,131 INFO    : [80:6f:b0:0e:55:29] Discovered, alias = BT-TH-B00E5529    
2023-03-20 22:30:51,134 INFO    : [80:6F:B0:0E:55:29] Disconnected
2023-03-20 22:30:51,135 INFO    : Reconnecting in 10 seconds
2023-03-20 22:31:03,053 INFO    : [80:6f:b0:0e:55:29] Discovered, alias = BT-TH-B00E5529    
2023-03-20 22:31:03,807 INFO    : [80:6F:B0:0E:55:29] Connected
2023-03-20 22:31:03,811 INFO    : [80:6f:b0:0e:55:29] Discovered, alias = BT-TH-B00E5529    
2023-03-20 22:31:03,813 INFO    : [80:6F:B0:0E:55:29] Disconnected
2023-03-20 22:31:03,814 INFO    : Reconnecting in 10 seconds
2023-03-20 22:31:20,922 INFO    : [80:6f:b0:0e:55:29] Discovered, alias = BT-TH-B00E5529    
2023-03-20 22:31:20,924 INFO    : [80:6F:B0:0E:55:29] Connected
2023-03-20 22:31:20,929 INFO    : [80:6f:b0:0e:55:29] Discovered, alias = BT-TH-B00E5529    
2023-03-20 22:31:20,932 INFO    : [80:6F:B0:0E:55:29] Disconnected
2023-03-20 22:31:20,933 INFO    : Reconnecting in 10 seconds
2023-03-20 22:31:57,216 INFO    : [80:6f:b0:0e:55:29] Discovered, alias = BT-TH-B00E5529    
2023-03-20 22:31:57,218 INFO    : [80:6F:B0:0E:55:29] Connected
2023-03-20 22:31:57,220 INFO    : [80:6f:b0:0e:55:29] Discovered, alias = BT-TH-B00E5529    
2023-03-20 22:31:57,222 INFO    : [80:6F:B0:0E:55:29] Disconnected
2023-03-20 22:31:57,222 INFO    : Reconnecting in 10 seconds
2023-03-20 22:32:08,551 INFO    : [80:6f:b0:0e:55:29] Discovered, alias = BT-TH-B00E5529    
2023-03-20 22:32:08,552 INFO    : [80:6F:B0:0E:55:29] Connected
2023-03-20 22:32:08,556 INFO    : [80:6f:b0:0e:55:29] Discovered, alias = BT-TH-B00E5529    
2023-03-20 22:32:08,558 INFO    : [80:6F:B0:0E:55:29] Disconnected
2023-03-20 22:32:08,559 INFO    : Reconnecting in 10 seconds
2023-03-20 22:32:19,432 INFO    : [80:6f:b0:0e:55:29] Discovered, alias = BT-TH-B00E5529    
2023-03-20 22:32:19,434 INFO    : [80:6F:B0:0E:55:29] Connected
2023-03-20 22:32:19,438 INFO    : [80:6f:b0:0e:55:29] Discovered, alias = BT-TH-B00E5529    
2023-03-20 22:32:19,441 INFO    : [80:6F:B0:0E:55:29] Disconnected
2023-03-20 22:32:19,442 INFO    : Reconnecting in 10 seconds
2023-03-20 22:32:32,927 INFO    : [80:6F:B0:0E:55:29] Resolved services
2023-03-20 22:32:32,928 INFO    : subscribed to notification 0000fff1-0000-1000-8000-00805f9b34fb
2023-03-20 22:32:32,929 INFO    : found write characteristic 0000ffd1-0000-1000-8000-00805f9b34fb
2023-03-20 22:32:32,932 INFO    : [80:6f:b0:0e:55:29] Discovered, alias = BT-TH-B00E5529
2023-03-20 22:32:32,933 INFO    : [80:6F:B0:0E:55:29] Connected
2023-03-20 22:32:32,935 INFO    : [80:6f:b0:0e:55:29] Discovered, alias = BT-TH-B00E5529
2023-03-20 22:32:32,940 INFO    : [80:6F:B0:0E:55:29] Disconnected
2023-03-20 22:32:32,941 INFO    : Reconnecting in 10 seconds
2023-03-20 22:32:43,115 INFO    : [80:6F:B0:0E:55:29] Resolved services
2023-03-20 22:32:43,115 INFO    : subscribed to notification 0000fff1-0000-1000-8000-00805f9b34fb
2023-03-20 22:32:43,116 INFO    : found write characteristic 0000ffd1-0000-1000-8000-00805f9b34fb
2023-03-20 22:32:43,119 INFO    : [80:6f:b0:0e:55:29] Discovered, alias = BT-TH-B00E5529
2023-03-20 22:32:43,120 INFO    : [80:6F:B0:0E:55:29] Connected
2023-03-20 22:32:43,122 INFO    : [80:6f:b0:0e:55:29] Discovered, alias = BT-TH-B00E5529
2023-03-20 22:32:43,128 INFO    : [80:6F:B0:0E:55:29] Disconnected
2023-03-20 22:32:43,128 INFO    : Reconnecting in 10 seconds
2023-03-20 22:32:53,298 INFO    : [80:6F:B0:0E:55:29] Resolved services
2023-03-20 22:32:53,299 INFO    : subscribed to notification 0000fff1-0000-1000-8000-00805f9b34fb
2023-03-20 22:32:53,300 INFO    : found write characteristic 0000ffd1-0000-1000-8000-00805f9b34fb
2023-03-20 22:32:53,302 INFO    : gracefully_exit
2023-03-20 22:32:53,305 INFO    : Exit: Disconnecting device: BT-TH-B00E5529 [80:6F:B0:0E:55:29]
